0 info it worked if it ends with ok
1 verbose cli [ 'node', '/usr/local/bin/npm', 'install', 'fs', '--save' ]
2 info using npm@1.3.21
3 info using node@v0.10.24
4 warn package.json quotables@0.0.0 No repository field.
5 warn package.json quotables@0.0.0 No README data
6 warn package.json path@0.4.9 path is also the name of a node core module.
7 verbose readDependencies using package.json deps
8 verbose cache add [ 'fs', null ]
9 verbose cache add name=undefined spec="fs" args=["fs",null]
10 verbose parsed url { protocol: null,
10 verbose parsed url   slashes: null,
10 verbose parsed url   auth: null,
10 verbose parsed url   host: null,
10 verbose parsed url   port: null,
10 verbose parsed url   hostname: null,
10 verbose parsed url   hash: null,
10 verbose parsed url   search: null,
10 verbose parsed url   query: null,
10 verbose parsed url   pathname: 'fs',
10 verbose parsed url   path: 'fs',
10 verbose parsed url   href: 'fs' }
11 silly lockFile 3f4bb586-fs fs
12 verbose lock fs /Users/lennylemony/.npm/3f4bb586-fs.lock
13 silly lockFile 3f4bb586-fs fs
14 silly lockFile 3f4bb586-fs fs
15 verbose addNamed [ 'fs', '' ]
16 verbose addNamed [ null, '*' ]
17 silly lockFile a107b96b-fs fs@
18 verbose lock fs@ /Users/lennylemony/.npm/a107b96b-fs.lock
19 silly addNameRange { name: 'fs', range: '*', hasData: false }
20 verbose url raw fs
21 verbose url resolving [ 'https://registry.npmjs.org/', './fs' ]
22 verbose url resolved https://registry.npmjs.org/fs
23 info trying registry request attempt 1 at 21:38:39
24 http GET https://registry.npmjs.org/fs
25 http 404 https://registry.npmjs.org/fs
26 silly registry.get cb [ 404,
26 silly registry.get   { date: 'Mon, 07 Apr 2014 04:38:39 GMT',
26 silly registry.get     server: 'CouchDB/1.5.0 (Erlang OTP/R16B)',
26 silly registry.get     'content-type': 'application/json',
26 silly registry.get     via: '1.1 varnish',
26 silly registry.get     'cache-control': 'max-age=0',
26 silly registry.get     'content-length': '52',
26 silly registry.get     'accept-ranges': 'bytes',
26 silly registry.get     age: '0',
26 silly registry.get     'x-served-by': 'cache-v37-ASH, cache-lax1430-LAX',
26 silly registry.get     'x-cache': 'MISS, MISS',
26 silly registry.get     'x-cache-hits': '0, 0',
26 silly registry.get     'x-timer': 'S1396845519.481353998,VS0,VS33,VE78,VE111',
26 silly registry.get     'keep-alive': 'timeout=10, max=50',
26 silly registry.get     connection: 'Keep-Alive' } ]
27 silly lockFile a107b96b-fs fs@
28 silly lockFile a107b96b-fs fs@
29 error 404 'fs' is not in the npm registry.
29 error 404 You should bug the author to publish it
29 error 404
29 error 404 Note that you can also install from a
29 error 404 tarball, folder, or http url, or git url.
30 error System Darwin 13.0.0
31 error command "node" "/usr/local/bin/npm" "install" "fs" "--save"
32 error cwd /Users/lennylemony/Documents/hackreactor/_"/Quotable
33 error node -v v0.10.24
34 error npm -v 1.3.21
35 error code E404
36 verbose exit [ 1, true ]
